<?xml version="1.0" encoding="UTF-8"?>
<!-- Generated by org.testng.reporters.JUnitReportReporter -->
<testsuite hostname="Shubham" failures="0" tests="3" name="TestCases.LoginTestPage" time="19.604" errors="0" timestamp="2024-09-27T16:05:43 IST" skipped="0">
  <testcase classname="TestCases.LoginTestPage" name="verifyTitleofApplication" time="8.887"/>
  <system-out/>
  <testcase classname="TestCases.LoginTestPage" name="verifyURLofApplication" time="5.304"/>
  <system-out/>
  <testcase classname="TestCases.LoginTestPage" name="loginToApplication" time="5.413"/>
  <system-out/>
</testsuite> <!-- TestCases.LoginTestPage -->
